<?xml version="1.0" encoding="utf-8"?><testsuites><testsuite errors="0" failures="0" hostname="verify-25-hpfkz-executor" name="pytest" skipped="0" tests="12" time="1193.415" timestamp="2021-07-18T21:42:13.099052"><properties><property name="polarion-custom-isautomated" value="True" /><property name="polarion-testrun-status-id" value="inprogress" /><property name="polarion-custom-plannedin" value="None" /><property name="polarion-user-id" value="cnvqe" /><property name="polarion-project-id" value="CNV" /><property name="polarion-response-myproduct" value="cnv-test-run" /><property name="polarion-testrun-id" value="None" /><property name="polarion-custom-env_tier" value="None" /><property name="polarion-custom-env_os" value="None" /></properties><testcase classname="tests.compute.ssp.supported_os.common_templates.fedora.test_fedora_os_support.TestCommonTemplatesFedora" name="test_create_vm[#fedora-33#-#ocs-storagecluster-ceph-rbd#-vm_object_from_template_multi_fedora_os_multi_storage_scope_class0]" time="455.477"><properties><property name="polarion-parameter-fedora_os_matrix" value="fedora-33" /><property name="polarion-parameter-storage_class_matrix" value="ocs-storagecluster-ceph-rbd" /><property name="polarion-testcase-id" value="CNV-3351" /></properties></testcase><testcase classname="tests.compute.ssp.supported_os.common_templates.fedora.test_fedora_os_support.TestCommonTemplatesFedora" name="test_start_vm[#fedora-33#-#ocs-storagecluster-ceph-rbd#-vm_object_from_template_multi_fedora_os_multi_storage_scope_class0]" time="48.549"><properties><property name="polarion-parameter-fedora_os_matrix" value="fedora-33" /><property name="polarion-parameter-storage_class_matrix" value="ocs-storagecluster-ceph-rbd" /><property name="polarion-testcase-id" value="CNV-3345" /></properties></testcase><testcase classname="tests.compute.ssp.supported_os.common_templates.fedora.test_fedora_os_support.TestCommonTemplatesFedora" name="test_vm_console[#fedora-33#-#ocs-storagecluster-ceph-rbd#-vm_object_from_template_multi_fedora_os_multi_storage_scope_class0]" time="16.334"><properties><property name="polarion-parameter-fedora_os_matrix" value="fedora-33" /><property name="polarion-parameter-storage_class_matrix" value="ocs-storagecluster-ceph-rbd" /><property name="polarion-testcase-id" value="CNV-3344" /></properties></testcase><testcase classname="tests.compute.ssp.supported_os.common_templates.fedora.test_fedora_os_support.TestCommonTemplatesFedora" name="test_expose_ssh[#fedora-33#-#ocs-storagecluster-ceph-rbd#-vm_object_from_template_multi_fedora_os_multi_storage_scope_class0]" time="7.836"><properties><property name="polarion-parameter-fedora_os_matrix" value="fedora-33" /><property name="polarion-parameter-storage_class_matrix" value="ocs-storagecluster-ceph-rbd" /><property name="polarion-testcase-id" value="CNV-3349" /></properties></testcase><testcase classname="tests.compute.ssp.supported_os.common_templates.fedora.test_fedora_os_support.TestCommonTemplatesFedora" name="test_vmi_guest_agent_info[#fedora-33#-#ocs-storagecluster-ceph-rbd#-vm_object_from_template_multi_fedora_os_multi_storage_scope_class0]" time="3.628"><properties><property name="polarion-parameter-fedora_os_matrix" value="fedora-33" /><property name="polarion-parameter-storage_class_matrix" value="ocs-storagecluster-ceph-rbd" /><property name="polarion-testcase-id" value="CNV-3937" /></properties></testcase><testcase classname="tests.compute.ssp.supported_os.common_templates.fedora.test_fedora_os_support.TestCommonTemplatesFedora" name="test_vm_deletion[#fedora-33#-#ocs-storagecluster-ceph-rbd#-vm_object_from_template_multi_fedora_os_multi_storage_scope_class0]" time="26.376"><properties><property name="polarion-parameter-fedora_os_matrix" value="fedora-33" /><property name="polarion-parameter-storage_class_matrix" value="ocs-storagecluster-ceph-rbd" /><property name="polarion-testcase-id" value="CNV-3346" /></properties></testcase><testcase classname="tests.compute.ssp.supported_os.common_templates.rhel.test_rhel_vm_migration" name="test_migrate_vm_rhel[#ocs-storagecluster-ceph-rbd#-data_volume_multi_storage_scope_function0-vm_instance_from_template_multi_storage_scope_function0]" time="553.803"><properties><property name="polarion-parameter-storage_class_matrix" value="ocs-storagecluster-ceph-rbd" /><property name="polarion-testcase-id" value="CNV-3038" /></properties></testcase><testcase classname="tests.compute.virt.general.test_container_disk_vm" name="test_container_disk_vm" time="75.553"><properties><property name="polarion-testcase-id" value="CNV-5501" /></properties></testcase><testcase classname="tests.csv.test_csv" name="test_csv_keywords" time="0.261"><properties><property name="polarion-testcase-id" value="CNV-4456" /></properties></testcase><testcase classname="tests.csv.test_csv" name="test_csv_links" time="0.383"><properties><property name="polarion-testcase-id" value="CNV-4457" /></properties></testcase><testcase classname="tests.csv.test_csv" name="test_csv_icon" time="0.443"><properties><property name="polarion-testcase-id" value="CNV-4458" /></properties></testcase><testcase classname="tests.csv.test_csv" name="test_csv_properties" time="2.404"><properties><property name="polarion-testcase-id" value="CNV-4376" /></properties></testcase></testsuite></testsuites>